<?xml version="1.0" encoding="utf-8"?>
<CoverageSession xmlns:xsd="http://www.w3.org/2001/XMLSchema" xmlns:xsi="http://www.w3.org/2001/XMLSchema-instance">
  <Modules>
    <Module skippedDueTo="Filter" hash="B8-B5-2E-7E-34-97-29-CA-77-E0-D3-F9-3F-72-2B-1B-B6-4A-87-98">
      <FullName>C:\Windows\Microsoft.Net\assembly\GAC_64\mscorlib\v4.0_4.0.0.0__b77a5c561934e089\mscorlib.dll</FullName>
      <ModuleName>mscorlib</ModuleName>
      <Classes />
    </Module>
    <Module skippedDueTo="MissingPdb" hash="2F-89-CC-BD-74-AE-56-FB-7A-FA-0A-22-6A-C6-0A-80-0F-D6-05-8E">
      <FullName>C:\Program Files (x86)\SharpDevelop\4.4\bin\Tools\NUnit\nunit-console.exe</FullName>
      <ModuleName>nunit-console</ModuleName>
      <Classes />
    </Module>
    <Module skippedDueTo="MissingPdb" hash="33-E1-CA-24-52-5A-B7-C7-C4-AF-91-2C-A9-4A-C0-37-67-0D-5B-FE">
      <FullName>C:\Program Files (x86)\SharpDevelop\4.4\bin\Tools\NUnit\lib\nunit.core.dll</FullName>
      <ModuleName>nunit.core</ModuleName>
      <Classes />
    </Module>
    <Module skippedDueTo="MissingPdb" hash="2A-C4-E5-DE-F3-EE-AD-84-E1-65-84-CC-15-90-76-96-E7-01-44-4E">
      <FullName>C:\Program Files (x86)\SharpDevelop\4.4\bin\Tools\NUnit\lib\nunit-console-runner.dll</FullName>
      <ModuleName>nunit-console-runner</ModuleName>
      <Classes />
    </Module>
    <Module skippedDueTo="MissingPdb" hash="74-74-F6-87-59-E1-5F-4F-5F-5E-6E-82-50-E8-E2-46-D4-86-15-76">
      <FullName>C:\Program Files (x86)\SharpDevelop\4.4\bin\Tools\NUnit\lib\nunit.util.dll</FullName>
      <ModuleName>nunit.util</ModuleName>
      <Classes />
    </Module>
    <Module skippedDueTo="MissingPdb" hash="D3-A4-4D-85-55-F7-CE-EF-A5-90-AA-EF-58-E0-9F-B6-CC-27-99-53">
      <FullName>C:\Program Files (x86)\SharpDevelop\4.4\bin\Tools\NUnit\lib\nunit.core.interfaces.dll</FullName>
      <ModuleName>nunit.core.interfaces</ModuleName>
      <Classes />
    </Module>
    <Module skippedDueTo="Filter" hash="B6-60-CE-70-25-03-8E-12-F0-FF-EB-DA-C8-94-AA-A9-02-DE-71-07">
      <FullName>C:\Windows\Microsoft.Net\assembly\GAC_MSIL\System.Configuration\v4.0_4.0.0.0__b03f5f7f11d50a3a\System.Configuration.dll</FullName>
      <ModuleName>System.Configuration</ModuleName>
      <Classes />
    </Module>
    <Module skippedDueTo="Filter" hash="79-DD-49-29-A6-8C-BD-B2-DD-EB-1F-29-44-27-B0-62-83-FC-28-5B">
      <FullName>C:\Windows\Microsoft.Net\assembly\GAC_MSIL\System\v4.0_4.0.0.0__b77a5c561934e089\System.dll</FullName>
      <ModuleName>System</ModuleName>
      <Classes />
    </Module>
    <Module skippedDueTo="Filter" hash="C9-BC-DF-73-A0-25-04-46-0C-54-0E-8A-45-29-C8-24-C8-0D-43-0D">
      <FullName>C:\Windows\Microsoft.Net\assembly\GAC_MSIL\System.Xml\v4.0_4.0.0.0__b77a5c561934e089\System.Xml.dll</FullName>
      <ModuleName>System.Xml</ModuleName>
      <Classes />
    </Module>
    <Module skippedDueTo="Filter" hash="71-39-D8-02-B9-6A-86-3A-B0-3A-BA-34-C3-A1-96-D7-FF-CF-0C-A9">
      <FullName>C:\Windows\Microsoft.Net\assembly\GAC_MSIL\System.Runtime.Remoting\v4.0_4.0.0.0__b77a5c561934e089\System.Runtime.Remoting.dll</FullName>
      <ModuleName>System.Runtime.Remoting</ModuleName>
      <Classes />
    </Module>
    <Module skippedDueTo="MissingPdb" hash="33-E1-CA-24-52-5A-B7-C7-C4-AF-91-2C-A9-4A-C0-37-67-0D-5B-FE">
      <FullName>C:\Program Files (x86)\SharpDevelop\4.4\bin\Tools\NUnit\lib\nunit.core.dll</FullName>
      <ModuleName>nunit.core</ModuleName>
      <Classes />
    </Module>
    <Module skippedDueTo="Filter" hash="79-DD-49-29-A6-8C-BD-B2-DD-EB-1F-29-44-27-B0-62-83-FC-28-5B">
      <FullName>C:\Windows\Microsoft.Net\assembly\GAC_MSIL\System\v4.0_4.0.0.0__b77a5c561934e089\System.dll</FullName>
      <ModuleName>System</ModuleName>
      <Classes />
    </Module>
    <Module skippedDueTo="Filter" hash="C9-BC-DF-73-A0-25-04-46-0C-54-0E-8A-45-29-C8-24-C8-0D-43-0D">
      <FullName>C:\Windows\Microsoft.Net\assembly\GAC_MSIL\System.Xml\v4.0_4.0.0.0__b77a5c561934e089\System.Xml.dll</FullName>
      <ModuleName>System.Xml</ModuleName>
      <Classes />
    </Module>
    <Module skippedDueTo="MissingPdb" hash="D3-A4-4D-85-55-F7-CE-EF-A5-90-AA-EF-58-E0-9F-B6-CC-27-99-53">
      <FullName>C:\Program Files (x86)\SharpDevelop\4.4\bin\Tools\NUnit\lib\nunit.core.interfaces.dll</FullName>
      <ModuleName>nunit.core.interfaces</ModuleName>
      <Classes />
    </Module>
    <Module hash="DC-F7-3C-1D-70-DE-10-CA-FE-B0-00-02-C8-57-B0-E7-A9-7D-7C-28">
      <FullName>C:\Users\Taranu\AppData\Local\Temp\nunit20\ShadowCopyCache\8768_635326745627697443\Tests_10260468\assembly\dl3\9f71038f\fe8795d4_1e54cf01\IsKernel.ServiceClients.HostIpInfo.Tests.dll</FullName>
      <ModuleName>IsKernel.ServiceClients.HostIpInfo.Tests</ModuleName>
      <Files>
        <File uid="1" fullPath="d:\Dropbox\SW\Projects\dotNet\IsKernel\ServiceClients\HostIpInfo\IsKernel.ServiceClients.HostIpInfo.Tests\HostIpInfoServiceTests.cs" />
      </Files>
      <Classes>
        <Class>
          <FullName>&lt;Module&gt;</FullName>
          <Methods />
        </Class>
        <Class>
          <FullName>IsKernel.ServiceClients.HostIpInfo.Tests.HostIpInfoServiceTests</FullName>
          <Methods>
            <Method visited="true" cyclomaticComplexity="1" sequenceCoverage="100" branchCoverage="100" isConstructor="false" isStatic="false" isGetter="false" isSetter="false">
              <MetadataToken>100663297</MetadataToken>
              <Name>System.Void IsKernel.ServiceClients.HostIpInfo.Tests.HostIpInfoServiceTests::Setup()</Name>
              <FileRef uid="1" />
              <SequencePoints>
                <SequencePoint vc="3" uspid="1" ordinal="0" offset="0" sl="17" sc="9" el="17" ec="10" />
                <SequencePoint vc="3" uspid="2" ordinal="1" offset="1" sl="18" sc="13" el="18" ec="64" />
                <SequencePoint vc="3" uspid="3" ordinal="2" offset="12" sl="19" sc="9" el="19" ec="10" />
              </SequencePoints>
              <BranchPoints />
              <MethodPoint xsi:type="SequencePoint" vc="3" uspid="1" ordinal="0" offset="0" sl="17" sc="9" el="17" ec="10" />
            </Method>
            <Method visited="true" cyclomaticComplexity="1" sequenceCoverage="100" branchCoverage="100" isConstructor="false" isStatic="false" isGetter="false" isSetter="false">
              <MetadataToken>100663298</MetadataToken>
              <Name>System.Void IsKernel.ServiceClients.HostIpInfo.Tests.HostIpInfoServiceTests::GetIpLocationAsync_SpecifiedIp_InformationIsReturned()</Name>
              <FileRef uid="1" />
              <SequencePoints>
                <SequencePoint vc="1" uspid="4" ordinal="0" offset="0" sl="23" sc="9" el="23" ec="10" />
                <SequencePoint vc="1" uspid="5" ordinal="1" offset="1" sl="24" sc="13" el="24" ec="54" />
                <SequencePoint vc="1" uspid="6" ordinal="2" offset="12" sl="25" sc="13" el="25" ec="83" />
                <SequencePoint vc="1" uspid="7" ordinal="3" offset="30" sl="26" sc="13" el="26" ec="40" />
                <SequencePoint vc="1" uspid="8" ordinal="4" offset="37" sl="27" sc="9" el="27" ec="10" />
              </SequencePoints>
              <BranchPoints />
              <MethodPoint xsi:type="SequencePoint" vc="1" uspid="4" ordinal="0" offset="0" sl="23" sc="9" el="23" ec="10" />
            </Method>
            <Method visited="true" cyclomaticComplexity="2" sequenceCoverage="100" branchCoverage="50" isConstructor="false" isStatic="false" isGetter="false" isSetter="false">
              <MetadataToken>100663299</MetadataToken>
              <Name>System.Void IsKernel.ServiceClients.HostIpInfo.Tests.HostIpInfoServiceTests::GetUserCountryFlagUrl_SpecifiedIp_UrlIsReturned()</Name>
              <FileRef uid="1" />
              <SequencePoints>
                <SequencePoint vc="1" uspid="9" ordinal="0" offset="0" sl="31" sc="9" el="31" ec="10" />
                <SequencePoint vc="1" uspid="10" ordinal="1" offset="1" sl="32" sc="13" el="32" ec="54" />
                <SequencePoint vc="1" uspid="11" ordinal="2" offset="12" sl="33" sc="13" el="33" ec="85" />
                <SequencePoint vc="1" uspid="12" ordinal="3" offset="25" sl="34" sc="13" el="34" ec="128" />
                <SequencePoint vc="1" uspid="13" ordinal="4" offset="49" sl="35" sc="13" el="35" ec="38" />
                <SequencePoint vc="1" uspid="14" ordinal="5" offset="56" sl="36" sc="9" el="36" ec="10" />
              </SequencePoints>
              <BranchPoints>
                <BranchPoint vc="1" uspid="15" ordinal="0" offset="31" path="0" />
                <BranchPoint vc="0" uspid="16" ordinal="1" offset="31" path="1" />
              </BranchPoints>
              <MethodPoint xsi:type="SequencePoint" vc="1" uspid="9" ordinal="0" offset="0" sl="31" sc="9" el="31" ec="10" />
            </Method>
            <Method visited="true" cyclomaticComplexity="1" sequenceCoverage="100" branchCoverage="100" isConstructor="false" isStatic="false" isGetter="false" isSetter="false">
              <MetadataToken>100663300</MetadataToken>
              <Name>System.Void IsKernel.ServiceClients.HostIpInfo.Tests.HostIpInfoServiceTests::GetUserCountryFlag_SpecifiedIp_InformationIsReturned()</Name>
              <FileRef uid="1" />
              <SequencePoints>
                <SequencePoint vc="1" uspid="17" ordinal="0" offset="0" sl="40" sc="9" el="40" ec="10" />
                <SequencePoint vc="1" uspid="18" ordinal="1" offset="1" sl="41" sc="10" el="41" ec="51" />
                <SequencePoint vc="1" uspid="19" ordinal="2" offset="12" sl="42" sc="13" el="42" ec="94" />
                <SequencePoint vc="1" uspid="20" ordinal="3" offset="30" sl="43" sc="13" el="43" ec="46" />
                <SequencePoint vc="1" uspid="21" ordinal="4" offset="37" sl="44" sc="9" el="44" ec="10" />
              </SequencePoints>
              <BranchPoints />
              <MethodPoint xsi:type="SequencePoint" vc="1" uspid="17" ordinal="0" offset="0" sl="40" sc="9" el="40" ec="10" />
            </Method>
            <Method visited="true" cyclomaticComplexity="1" sequenceCoverage="0" branchCoverage="0" isConstructor="true" isStatic="false" isGetter="false" isSetter="false">
              <MetadataToken>100663301</MetadataToken>
              <Name>System.Void IsKernel.ServiceClients.HostIpInfo.Tests.HostIpInfoServiceTests::.ctor()</Name>
              <SequencePoints />
              <BranchPoints />
              <MethodPoint vc="1" uspid="22" ordinal="0" offset="0" />
            </Method>
          </Methods>
        </Class>
      </Classes>
    </Module>
    <Module skippedDueTo="MissingPdb" hash="42-83-FE-A6-9F-01-8E-2C-E8-41-E9-25-3E-1E-0D-99-81-76-6B-C9">
      <FullName>C:\Users\Taranu\AppData\Local\Temp\nunit20\ShadowCopyCache\8768_635326745627697443\Tests_10260468\assembly\dl3\aba630c8\2b866004_1554cf01\nunit.framework.dll</FullName>
      <ModuleName>nunit.framework</ModuleName>
      <Classes />
    </Module>
    <Module skippedDueTo="Filter" hash="B6-60-CE-70-25-03-8E-12-F0-FF-EB-DA-C8-94-AA-A9-02-DE-71-07">
      <FullName>C:\Windows\Microsoft.Net\assembly\GAC_MSIL\System.Configuration\v4.0_4.0.0.0__b03f5f7f11d50a3a\System.Configuration.dll</FullName>
      <ModuleName>System.Configuration</ModuleName>
      <Classes />
    </Module>
    <Module hash="08-3F-80-22-5B-E6-F2-50-10-7D-12-AB-2F-85-DD-84-6C-77-3B-59">
      <FullName>C:\Users\Taranu\AppData\Local\Temp\nunit20\ShadowCopyCache\8768_635326745627697443\Tests_10260468\assembly\dl3\28494846\ff859d8b_1e54cf01\IsKernel.ServiceClients.HostIpInfo.dll</FullName>
      <ModuleName>IsKernel.ServiceClients.HostIpInfo</ModuleName>
      <Files>
        <File uid="3" fullPath="d:\Dropbox\SW\Projects\dotNet\IsKernel\ServiceClients\HostIpInfo\IsKernel.ServiceClients.HostIpInfo\Clients\Concrete\HostIpInfoService.cs" />
        <File uid="6" fullPath="d:\Dropbox\SW\Projects\dotNet\IsKernel\ServiceClients\HostIpInfo\IsKernel.ServiceClients.HostIpInfo\Exceptions\HostIpInfoServiceException.cs" />
        <File uid="7" fullPath="d:\Dropbox\SW\Projects\dotNet\IsKernel\ServiceClients\HostIpInfo\IsKernel.ServiceClients.HostIpInfo\Infrastructure\UriExtensions.cs" />
      </Files>
      <Classes>
        <Class>
          <FullName>&lt;Module&gt;</FullName>
          <Methods />
        </Class>
        <Class>
          <FullName>IsKernel.ServiceClients.HostIpInfo.Clients.Concrete.HostIpInfoService</FullName>
          <Methods>
            <Method visited="true" cyclomaticComplexity="1" sequenceCoverage="100" branchCoverage="100" isConstructor="true" isStatic="false" isGetter="false" isSetter="false">
              <MetadataToken>100663300</MetadataToken>
              <Name>System.Void IsKernel.ServiceClients.HostIpInfo.Clients.Concrete.HostIpInfoService::.ctor()</Name>
              <FileRef uid="3" />
              <SequencePoints>
                <SequencePoint vc="3" uspid="23" ordinal="0" offset="0" sl="25" sc="9" el="25" ec="35" />
                <SequencePoint vc="3" uspid="24" ordinal="1" offset="7" sl="26" sc="9" el="26" ec="10" />
                <SequencePoint vc="3" uspid="25" ordinal="2" offset="8" sl="27" sc="13" el="27" ec="52" />
                <SequencePoint vc="3" uspid="26" ordinal="3" offset="24" sl="28" sc="9" el="28" ec="10" />
              </SequencePoints>
              <BranchPoints />
              <MethodPoint xsi:type="SequencePoint" vc="3" uspid="23" ordinal="0" offset="0" sl="25" sc="9" el="25" ec="35" />
            </Method>
            <Method visited="true" cyclomaticComplexity="1" sequenceCoverage="76" branchCoverage="100" isConstructor="false" isStatic="false" isGetter="false" isSetter="false">
              <MetadataToken>100663301</MetadataToken>
              <Name>System.Threading.Tasks.Task`1&lt;IsKernel.ServiceClients.HostIpInfo.Contracts.LocationInfo&gt; IsKernel.ServiceClients.HostIpInfo.Clients.Concrete.HostIpInfoService::GetIpLocationAsync(System.Net.IPAddress)</Name>
              <FileRef uid="3" />
              <SequencePoints>
                <SequencePoint vc="1" uspid="27" ordinal="0" offset="0" sl="31" sc="9" el="31" ec="10" />
                <SequencePoint vc="1" uspid="28" ordinal="1" offset="7" sl="33" sc="13" el="33" ec="14" />
                <SequencePoint vc="1" uspid="29" ordinal="2" offset="8" sl="34" sc="14" el="34" ec="82" />
                <SequencePoint vc="1" uspid="30" ordinal="3" offset="19" sl="35" sc="17" el="35" ec="58" />
                <SequencePoint vc="1" uspid="31" ordinal="4" offset="31" sl="36" sc="17" el="36" ec="73" />
                <SequencePoint vc="1" uspid="32" ordinal="5" offset="43" sl="37" sc="17" el="37" ec="54" />
                <SequencePoint vc="1" uspid="33" ordinal="6" offset="56" sl="38" sc="17" el="38" ec="56" />
                <SequencePoint vc="1" uspid="34" ordinal="7" offset="74" sl="39" sc="17" el="43" ec="60" />
                <SequencePoint vc="1" uspid="35" ordinal="8" offset="99" sl="45" sc="17" el="45" ec="50" />
                <SequencePoint vc="0" uspid="36" ordinal="9" offset="114" sl="47" sc="13" el="47" ec="40" />
                <SequencePoint vc="0" uspid="37" ordinal="10" offset="115" sl="48" sc="13" el="48" ec="14" />
                <SequencePoint vc="0" uspid="38" ordinal="11" offset="116" sl="49" sc="17" el="49" ec="127" />
                <SequencePoint vc="1" uspid="39" ordinal="12" offset="129" sl="51" sc="9" el="51" ec="10" />
              </SequencePoints>
              <BranchPoints />
              <MethodPoint xsi:type="SequencePoint" vc="1" uspid="27" ordinal="0" offset="0" sl="31" sc="9" el="31" ec="10" />
            </Method>
            <Method visited="true" cyclomaticComplexity="1" sequenceCoverage="70" branchCoverage="100" isConstructor="false" isStatic="false" isGetter="false" isSetter="false">
              <MetadataToken>100663302</MetadataToken>
              <Name>System.String IsKernel.ServiceClients.HostIpInfo.Clients.Concrete.HostIpInfoService::GetUserCountryFlagUrl(System.Net.IPAddress)</Name>
              <FileRef uid="3" />
              <SequencePoints>
                <SequencePoint vc="2" uspid="40" ordinal="0" offset="0" sl="55" sc="9" el="55" ec="10" />
                <SequencePoint vc="2" uspid="41" ordinal="1" offset="1" sl="57" sc="13" el="57" ec="14" />
                <SequencePoint vc="2" uspid="42" ordinal="2" offset="2" sl="58" sc="17" el="58" ec="58" />
                <SequencePoint vc="2" uspid="43" ordinal="3" offset="14" sl="59" sc="17" el="59" ec="45" />
                <SequencePoint vc="2" uspid="44" ordinal="4" offset="25" sl="60" sc="17" el="60" ec="87" />
                <SequencePoint vc="2" uspid="45" ordinal="5" offset="67" sl="61" sc="17" el="61" ec="31" />
                <SequencePoint vc="0" uspid="46" ordinal="6" offset="72" sl="63" sc="13" el="63" ec="40" />
                <SequencePoint vc="0" uspid="47" ordinal="7" offset="73" sl="64" sc="13" el="64" ec="14" />
                <SequencePoint vc="0" uspid="48" ordinal="8" offset="74" sl="65" sc="17" el="65" ec="135" />
                <SequencePoint vc="2" uspid="49" ordinal="9" offset="87" sl="67" sc="9" el="67" ec="10" />
              </SequencePoints>
              <BranchPoints />
              <MethodPoint xsi:type="SequencePoint" vc="2" uspid="40" ordinal="0" offset="0" sl="55" sc="9" el="55" ec="10" />
            </Method>
            <Method visited="true" cyclomaticComplexity="1" sequenceCoverage="72" branchCoverage="100" isConstructor="false" isStatic="false" isGetter="false" isSetter="false">
              <MetadataToken>100663303</MetadataToken>
              <Name>System.Threading.Tasks.Task`1&lt;System.String&gt; IsKernel.ServiceClients.HostIpInfo.Clients.Concrete.HostIpInfoService::GetUserCountryFlagAsync(System.Net.IPAddress)</Name>
              <FileRef uid="3" />
              <SequencePoints>
                <SequencePoint vc="1" uspid="50" ordinal="0" offset="0" sl="70" sc="9" el="70" ec="10" />
                <SequencePoint vc="1" uspid="51" ordinal="1" offset="7" sl="72" sc="10" el="72" ec="11" />
                <SequencePoint vc="1" uspid="52" ordinal="2" offset="8" sl="73" sc="14" el="73" ec="76" />
                <SequencePoint vc="1" uspid="53" ordinal="3" offset="19" sl="74" sc="11" el="74" ec="47" />
                <SequencePoint vc="1" uspid="54" ordinal="4" offset="27" sl="75" sc="11" el="75" ec="58" />
                <SequencePoint vc="1" uspid="55" ordinal="5" offset="35" sl="76" sc="11" el="79" ec="45" />
                <SequencePoint vc="1" uspid="56" ordinal="6" offset="60" sl="80" sc="11" el="80" ec="44" />
                <SequencePoint vc="0" uspid="57" ordinal="7" offset="75" sl="82" sc="10" el="82" ec="36" />
                <SequencePoint vc="0" uspid="58" ordinal="8" offset="76" sl="83" sc="10" el="83" ec="11" />
                <SequencePoint vc="0" uspid="59" ordinal="9" offset="77" sl="84" sc="11" el="84" ec="129" />
                <SequencePoint vc="1" uspid="60" ordinal="10" offset="90" sl="86" sc="9" el="86" ec="10" />
              </SequencePoints>
              <BranchPoints />
              <MethodPoint xsi:type="SequencePoint" vc="1" uspid="50" ordinal="0" offset="0" sl="70" sc="9" el="70" ec="10" />
            </Method>
          </Methods>
        </Class>
        <Class>
          <FullName>IsKernel.ServiceClients.HostIpInfo.Clients.Concrete.HostIpInfoService/&lt;&gt;c__DisplayClass1</FullName>
          <Methods>
            <Method visited="true" cyclomaticComplexity="1" sequenceCoverage="0" branchCoverage="0" isConstructor="true" isStatic="false" isGetter="false" isSetter="false">
              <MetadataToken>100663325</MetadataToken>
              <Name>System.Void IsKernel.ServiceClients.HostIpInfo.Clients.Concrete.HostIpInfoService/&lt;&gt;c__DisplayClass1::.ctor()</Name>
              <SequencePoints />
              <BranchPoints />
              <MethodPoint vc="1" uspid="61" ordinal="0" offset="0" />
            </Method>
            <Method visited="true" cyclomaticComplexity="1" sequenceCoverage="100" branchCoverage="100" isConstructor="false" isStatic="false" isGetter="false" isSetter="false">
              <MetadataToken>100663326</MetadataToken>
              <Name>System.Void IsKernel.ServiceClients.HostIpInfo.Clients.Concrete.HostIpInfoService/&lt;&gt;c__DisplayClass1::&lt;GetIpLocationAsync&gt;b__0(RestSharp.IRestResponse)</Name>
              <FileRef uid="3" />
              <SequencePoints>
                <SequencePoint vc="1" uspid="62" ordinal="0" offset="0" sl="40" sc="57" el="40" ec="58" />
                <SequencePoint vc="1" uspid="63" ordinal="1" offset="1" sl="41" sc="58" el="41" ec="139" />
                <SequencePoint vc="1" uspid="64" ordinal="2" offset="13" sl="42" sc="58" el="42" ec="103" />
              </SequencePoints>
              <BranchPoints />
              <MethodPoint xsi:type="SequencePoint" vc="1" uspid="62" ordinal="0" offset="0" sl="40" sc="57" el="40" ec="58" />
            </Method>
          </Methods>
        </Class>
        <Class>
          <FullName>IsKernel.ServiceClients.HostIpInfo.Clients.Concrete.HostIpInfoService/&lt;&gt;c__DisplayClass4</FullName>
          <Methods>
            <Method visited="true" cyclomaticComplexity="1" sequenceCoverage="0" branchCoverage="0" isConstructor="true" isStatic="false" isGetter="false" isSetter="false">
              <MetadataToken>100663327</MetadataToken>
              <Name>System.Void IsKernel.ServiceClients.HostIpInfo.Clients.Concrete.HostIpInfoService/&lt;&gt;c__DisplayClass4::.ctor()</Name>
              <SequencePoints />
              <BranchPoints />
              <MethodPoint vc="1" uspid="65" ordinal="0" offset="0" />
            </Method>
            <Method visited="true" cyclomaticComplexity="1" sequenceCoverage="100" branchCoverage="100" isConstructor="false" isStatic="false" isGetter="false" isSetter="false">
              <MetadataToken>100663328</MetadataToken>
              <Name>System.Void IsKernel.ServiceClients.HostIpInfo.Clients.Concrete.HostIpInfoService/&lt;&gt;c__DisplayClass4::&lt;GetUserCountryFlagAsync&gt;b__3(RestSharp.IRestResponse)</Name>
              <FileRef uid="3" />
              <SequencePoints>
                <SequencePoint vc="1" uspid="66" ordinal="0" offset="0" sl="77" sc="42" el="77" ec="43" />
                <SequencePoint vc="1" uspid="67" ordinal="1" offset="1" sl="78" sc="42" el="78" ec="91" />
              </SequencePoints>
              <BranchPoints />
              <MethodPoint xsi:type="SequencePoint" vc="1" uspid="66" ordinal="0" offset="0" sl="77" sc="42" el="77" ec="43" />
            </Method>
          </Methods>
        </Class>
        <Class>
          <FullName>IsKernel.ServiceClients.HostIpInfo.Contracts.LocationInfo</FullName>
          <Methods>
            <Method visited="false" cyclomaticComplexity="1" sequenceCoverage="0" branchCoverage="0" isConstructor="false" isStatic="false" isGetter="true" isSetter="false">
              <MetadataToken>100663304</MetadataToken>
              <Name>System.String IsKernel.ServiceClients.HostIpInfo.Contracts.LocationInfo::get_CountryName()</Name>
              <SequencePoints />
              <BranchPoints />
              <MethodPoint vc="0" uspid="68" ordinal="0" offset="0" />
            </Method>
            <Method visited="true" cyclomaticComplexity="1" sequenceCoverage="0" branchCoverage="0" isConstructor="false" isStatic="false" isGetter="false" isSetter="true">
              <MetadataToken>100663305</MetadataToken>
              <Name>System.Void IsKernel.ServiceClients.HostIpInfo.Contracts.LocationInfo::set_CountryName(System.String)</Name>
              <SequencePoints />
              <BranchPoints />
              <MethodPoint vc="1" uspid="69" ordinal="0" offset="0" />
            </Method>
            <Method visited="false" cyclomaticComplexity="1" sequenceCoverage="0" branchCoverage="0" isConstructor="false" isStatic="false" isGetter="true" isSetter="false">
              <MetadataToken>100663306</MetadataToken>
              <Name>System.String IsKernel.ServiceClients.HostIpInfo.Contracts.LocationInfo::get_CountryCode()</Name>
              <SequencePoints />
              <BranchPoints />
              <MethodPoint vc="0" uspid="70" ordinal="0" offset="0" />
            </Method>
            <Method visited="true" cyclomaticComplexity="1" sequenceCoverage="0" branchCoverage="0" isConstructor="false" isStatic="false" isGetter="false" isSetter="true">
              <MetadataToken>100663307</MetadataToken>
              <Name>System.Void IsKernel.ServiceClients.HostIpInfo.Contracts.LocationInfo::set_CountryCode(System.String)</Name>
              <SequencePoints />
              <BranchPoints />
              <MethodPoint vc="1" uspid="71" ordinal="0" offset="0" />
            </Method>
            <Method visited="false" cyclomaticComplexity="1" sequenceCoverage="0" branchCoverage="0" isConstructor="false" isStatic="false" isGetter="true" isSetter="false">
              <MetadataToken>100663308</MetadataToken>
              <Name>System.String IsKernel.ServiceClients.HostIpInfo.Contracts.LocationInfo::get_Ip()</Name>
              <SequencePoints />
              <BranchPoints />
              <MethodPoint vc="0" uspid="72" ordinal="0" offset="0" />
            </Method>
            <Method visited="true" cyclomaticComplexity="1" sequenceCoverage="0" branchCoverage="0" isConstructor="false" isStatic="false" isGetter="false" isSetter="true">
              <MetadataToken>100663309</MetadataToken>
              <Name>System.Void IsKernel.ServiceClients.HostIpInfo.Contracts.LocationInfo::set_Ip(System.String)</Name>
              <SequencePoints />
              <BranchPoints />
              <MethodPoint vc="1" uspid="73" ordinal="0" offset="0" />
            </Method>
            <Method visited="false" cyclomaticComplexity="1" sequenceCoverage="0" branchCoverage="0" isConstructor="false" isStatic="false" isGetter="true" isSetter="false">
              <MetadataToken>100663310</MetadataToken>
              <Name>System.String IsKernel.ServiceClients.HostIpInfo.Contracts.LocationInfo::get_Name()</Name>
              <SequencePoints />
              <BranchPoints />
              <MethodPoint vc="0" uspid="74" ordinal="0" offset="0" />
            </Method>
            <Method visited="true" cyclomaticComplexity="1" sequenceCoverage="0" branchCoverage="0" isConstructor="false" isStatic="false" isGetter="false" isSetter="true">
              <MetadataToken>100663311</MetadataToken>
              <Name>System.Void IsKernel.ServiceClients.HostIpInfo.Contracts.LocationInfo::set_Name(System.String)</Name>
              <SequencePoints />
              <BranchPoints />
              <MethodPoint vc="1" uspid="75" ordinal="0" offset="0" />
            </Method>
            <Method visited="false" cyclomaticComplexity="1" sequenceCoverage="0" branchCoverage="0" isConstructor="false" isStatic="false" isGetter="true" isSetter="false">
              <MetadataToken>100663312</MetadataToken>
              <Name>System.Nullable`1&lt;System.Double&gt; IsKernel.ServiceClients.HostIpInfo.Contracts.LocationInfo::get_Latitude()</Name>
              <SequencePoints />
              <BranchPoints />
              <MethodPoint vc="0" uspid="76" ordinal="0" offset="0" />
            </Method>
            <Method visited="true" cyclomaticComplexity="1" sequenceCoverage="0" branchCoverage="0" isConstructor="false" isStatic="false" isGetter="false" isSetter="true">
              <MetadataToken>100663313</MetadataToken>
              <Name>System.Void IsKernel.ServiceClients.HostIpInfo.Contracts.LocationInfo::set_Latitude(System.Nullable`1&lt;System.Double&gt;)</Name>
              <SequencePoints />
              <BranchPoints />
              <MethodPoint vc="1" uspid="77" ordinal="0" offset="0" />
            </Method>
            <Method visited="false" cyclomaticComplexity="1" sequenceCoverage="0" branchCoverage="0" isConstructor="false" isStatic="false" isGetter="true" isSetter="false">
              <MetadataToken>100663314</MetadataToken>
              <Name>System.Nullable`1&lt;System.Double&gt; IsKernel.ServiceClients.HostIpInfo.Contracts.LocationInfo::get_Longitude()</Name>
              <SequencePoints />
              <BranchPoints />
              <MethodPoint vc="0" uspid="78" ordinal="0" offset="0" />
            </Method>
            <Method visited="true" cyclomaticComplexity="1" sequenceCoverage="0" branchCoverage="0" isConstructor="false" isStatic="false" isGetter="false" isSetter="true">
              <MetadataToken>100663315</MetadataToken>
              <Name>System.Void IsKernel.ServiceClients.HostIpInfo.Contracts.LocationInfo::set_Longitude(System.Nullable`1&lt;System.Double&gt;)</Name>
              <SequencePoints />
              <BranchPoints />
              <MethodPoint vc="1" uspid="79" ordinal="0" offset="0" />
            </Method>
            <Method visited="true" cyclomaticComplexity="1" sequenceCoverage="0" branchCoverage="0" isConstructor="true" isStatic="false" isGetter="false" isSetter="false">
              <MetadataToken>100663316</MetadataToken>
              <Name>System.Void IsKernel.ServiceClients.HostIpInfo.Contracts.LocationInfo::.ctor()</Name>
              <SequencePoints />
              <BranchPoints />
              <MethodPoint vc="1" uspid="80" ordinal="0" offset="0" />
            </Method>
          </Methods>
        </Class>
        <Class>
          <FullName>IsKernel.ServiceClients.HostIpInfo.Exceptions.HostIpInfoServiceException</FullName>
          <Methods>
            <Method visited="false" cyclomaticComplexity="1" sequenceCoverage="0" branchCoverage="0" isConstructor="true" isStatic="false" isGetter="false" isSetter="false">
              <MetadataToken>100663317</MetadataToken>
              <Name>System.Void IsKernel.ServiceClients.HostIpInfo.Exceptions.HostIpInfoServiceException::.ctor()</Name>
              <FileRef uid="6" />
              <SequencePoints>
                <SequencePoint vc="0" uspid="81" ordinal="0" offset="0" sl="12" sc="9" el="12" ec="71" />
                <SequencePoint vc="0" uspid="82" ordinal="1" offset="13" sl="13" sc="9" el="13" ec="10" />
                <SequencePoint vc="0" uspid="83" ordinal="2" offset="14" sl="15" sc="9" el="15" ec="10" />
              </SequencePoints>
              <BranchPoints />
              <MethodPoint xsi:type="SequencePoint" vc="0" uspid="81" ordinal="0" offset="0" sl="12" sc="9" el="12" ec="71" />
            </Method>
            <Method visited="false" cyclomaticComplexity="1" sequenceCoverage="0" branchCoverage="0" isConstructor="true" isStatic="false" isGetter="false" isSetter="false">
              <MetadataToken>100663318</MetadataToken>
              <Name>System.Void IsKernel.ServiceClients.HostIpInfo.Exceptions.HostIpInfoServiceException::.ctor(System.String)</Name>
              <FileRef uid="6" />
              <SequencePoints>
                <SequencePoint vc="0" uspid="84" ordinal="0" offset="0" sl="16" sc="9" el="16" ec="80" />
                <SequencePoint vc="0" uspid="85" ordinal="1" offset="9" sl="17" sc="9" el="17" ec="10" />
                <SequencePoint vc="0" uspid="86" ordinal="2" offset="10" sl="19" sc="9" el="19" ec="10" />
              </SequencePoints>
              <BranchPoints />
              <MethodPoint xsi:type="SequencePoint" vc="0" uspid="84" ordinal="0" offset="0" sl="16" sc="9" el="16" ec="80" />
            </Method>
            <Method visited="false" cyclomaticComplexity="1" sequenceCoverage="0" branchCoverage="0" isConstructor="true" isStatic="false" isGetter="false" isSetter="false">
              <MetadataToken>100663319</MetadataToken>
              <Name>System.Void IsKernel.ServiceClients.HostIpInfo.Exceptions.HostIpInfoServiceException::.ctor(System.String,System.Exception)</Name>
              <FileRef uid="6" />
              <SequencePoints>
                <SequencePoint vc="0" uspid="87" ordinal="0" offset="0" sl="20" sc="9" el="21" ec="35" />
                <SequencePoint vc="0" uspid="88" ordinal="1" offset="9" sl="22" sc="9" el="22" ec="10" />
                <SequencePoint vc="0" uspid="89" ordinal="2" offset="10" sl="24" sc="9" el="24" ec="10" />
              </SequencePoints>
              <BranchPoints />
              <MethodPoint xsi:type="SequencePoint" vc="0" uspid="87" ordinal="0" offset="0" sl="20" sc="9" el="21" ec="35" />
            </Method>
            <Method visited="false" cyclomaticComplexity="1" sequenceCoverage="0" branchCoverage="0" isConstructor="true" isStatic="false" isGetter="false" isSetter="false">
              <MetadataToken>100663320</MetadataToken>
              <Name>System.Void IsKernel.ServiceClients.HostIpInfo.Exceptions.HostIpInfoServiceException::.ctor(System.Runtime.Serialization.SerializationInfo,System.Runtime.Serialization.StreamingContext)</Name>
              <FileRef uid="6" />
              <SequencePoints>
                <SequencePoint vc="0" uspid="90" ordinal="0" offset="0" sl="26" sc="9" el="27" ec="34" />
                <SequencePoint vc="0" uspid="91" ordinal="1" offset="9" sl="28" sc="9" el="28" ec="10" />
                <SequencePoint vc="0" uspid="92" ordinal="2" offset="10" sl="30" sc="9" el="30" ec="10" />
              </SequencePoints>
              <BranchPoints />
              <MethodPoint xsi:type="SequencePoint" vc="0" uspid="90" ordinal="0" offset="0" sl="26" sc="9" el="27" ec="34" />
            </Method>
          </Methods>
        </Class>
        <Class>
          <FullName>IsKernel.ServiceClients.HostIpInfo.Infrastructure.UriExtensions</FullName>
          <Methods>
            <Method visited="true" cyclomaticComplexity="3" sequenceCoverage="100" branchCoverage="50" isConstructor="false" isStatic="true" isGetter="false" isSetter="false">
              <MetadataToken>100663321</MetadataToken>
              <Name>System.Boolean IsKernel.ServiceClients.HostIpInfo.Infrastructure.UriExtensions::IsUrl(System.Uri)</Name>
              <FileRef uid="7" />
              <SequencePoints>
                <SequencePoint vc="1" uspid="93" ordinal="0" offset="0" sl="13" sc="9" el="13" ec="10" />
                <SequencePoint vc="1" uspid="94" ordinal="1" offset="1" sl="14" sc="13" el="14" ec="33" />
                <SequencePoint vc="1" uspid="95" ordinal="2" offset="3" sl="15" sc="13" el="16" ec="110" />
                <SequencePoint vc="1" uspid="96" ordinal="3" offset="62" sl="17" sc="13" el="17" ec="27" />
                <SequencePoint vc="1" uspid="97" ordinal="4" offset="66" sl="18" sc="9" el="18" ec="10" />
              </SequencePoints>
              <BranchPoints>
                <BranchPoint vc="1" uspid="98" ordinal="0" offset="17" path="0" />
                <BranchPoint vc="0" uspid="99" ordinal="1" offset="17" path="1" />
                <BranchPoint vc="0" uspid="100" ordinal="2" offset="35" path="0" />
                <BranchPoint vc="1" uspid="101" ordinal="3" offset="35" path="1" />
              </BranchPoints>
              <MethodPoint xsi:type="SequencePoint" vc="1" uspid="93" ordinal="0" offset="0" sl="13" sc="9" el="13" ec="10" />
            </Method>
            <Method visited="true" cyclomaticComplexity="2" sequenceCoverage="100" branchCoverage="100" isConstructor="false" isStatic="true" isGetter="false" isSetter="false">
              <MetadataToken>100663322</MetadataToken>
              <Name>System.Uri IsKernel.ServiceClients.HostIpInfo.Infrastructure.UriExtensions::Append(System.Uri,System.String[])</Name>
              <FileRef uid="7" />
              <SequencePoints>
                <SequencePoint vc="2" uspid="102" ordinal="0" offset="0" sl="21" sc="9" el="21" ec="10" />
                <SequencePoint vc="2" uspid="103" ordinal="1" offset="1" sl="22" sc="13" el="22" ec="156" />
                <SequencePoint vc="2" uspid="104" ordinal="2" offset="50" sl="23" sc="13" el="23" ec="27" />
                <SequencePoint vc="2" uspid="105" ordinal="3" offset="54" sl="24" sc="9" el="24" ec="10" />
              </SequencePoints>
              <BranchPoints>
                <BranchPoint vc="1" uspid="106" ordinal="0" offset="13" path="0" />
                <BranchPoint vc="1" uspid="107" ordinal="1" offset="13" path="1" />
              </BranchPoints>
              <MethodPoint xsi:type="SequencePoint" vc="2" uspid="102" ordinal="0" offset="0" sl="21" sc="9" el="21" ec="10" />
            </Method>
            <Method visited="true" cyclomaticComplexity="11" sequenceCoverage="56" branchCoverage="44" isConstructor="false" isStatic="true" isGetter="false" isSetter="false">
              <MetadataToken>100663323</MetadataToken>
              <Name>System.Uri IsKernel.ServiceClients.HostIpInfo.Infrastructure.UriExtensions::AddQuery(System.Uri,System.String,System.String)</Name>
              <FileRef uid="7" />
              <SequencePoints>
                <SequencePoint vc="2" uspid="108" ordinal="0" offset="0" sl="27" sc="9" el="27" ec="10" />
                <SequencePoint vc="2" uspid="109" ordinal="1" offset="1" sl="28" sc="13" el="28" ec="50" />
                <SequencePoint vc="2" uspid="110" ordinal="2" offset="8" sl="31" sc="13" el="31" ec="79" />
                <SequencePoint vc="2" uspid="111" ordinal="3" offset="20" sl="32" sc="13" el="32" ec="50" />
                <SequencePoint vc="2" uspid="112" ordinal="4" offset="29" sl="36" sc="13" el="36" ec="48" />
                <SequencePoint vc="0" uspid="113" ordinal="5" offset="47" sl="37" sc="13" el="37" ec="14" />
                <SequencePoint vc="0" uspid="114" ordinal="6" offset="48" sl="38" sc="17" el="38" ec="49" />
                <SequencePoint vc="0" uspid="115" ordinal="7" offset="60" sl="39" sc="13" el="39" ec="14" />
                <SequencePoint vc="2" uspid="116" ordinal="8" offset="66" sl="41" sc="13" el="41" ec="14" />
                <SequencePoint vc="2" uspid="117" ordinal="9" offset="67" sl="42" sc="17" el="42" ec="51" />
                <SequencePoint vc="2" uspid="118" ordinal="10" offset="73" sl="44" sc="22" el="44" ec="37" />
                <SequencePoint vc="2" uspid="119" ordinal="11" offset="80" sl="45" sc="17" el="45" ec="18" />
                <SequencePoint vc="2" uspid="120" ordinal="12" offset="81" sl="46" sc="21" el="46" ec="70" />
                <SequencePoint vc="2" uspid="121" ordinal="13" offset="90" sl="47" sc="21" el="47" ec="56" />
                <SequencePoint vc="2" uspid="122" ordinal="14" offset="99" sl="49" sc="21" el="49" ec="79" />
                <SequencePoint vc="2" uspid="123" ordinal="15" offset="125" sl="50" sc="21" el="50" ec="75" />
                <SequencePoint vc="2" uspid="124" ordinal="16" offset="134" sl="52" sc="21" el="52" ec="44" />
                <SequencePoint vc="0" uspid="125" ordinal="17" offset="152" sl="53" sc="21" el="53" ec="22" />
                <SequencePoint vc="0" uspid="126" ordinal="18" offset="153" sl="54" sc="25" el="54" ec="45" />
                <SequencePoint vc="0" uspid="127" ordinal="19" offset="162" sl="55" sc="21" el="55" ec="22" />
                <SequencePoint vc="2" uspid="128" ordinal="20" offset="163" sl="57" sc="21" el="57" ec="62" />
                <SequencePoint vc="0" uspid="129" ordinal="21" offset="187" sl="58" sc="21" el="58" ec="22" />
                <SequencePoint vc="0" uspid="130" ordinal="22" offset="188" sl="59" sc="25" el="59" ec="45" />
                <SequencePoint vc="0" uspid="131" ordinal="23" offset="197" sl="60" sc="21" el="60" ec="22" />
                <SequencePoint vc="2" uspid="132" ordinal="24" offset="200" sl="62" sc="21" el="62" ec="22" />
                <SequencePoint vc="2" uspid="133" ordinal="25" offset="201" sl="63" sc="25" el="63" ec="46" />
                <SequencePoint vc="2" uspid="134" ordinal="26" offset="217" sl="64" sc="25" el="64" ec="26" />
                <SequencePoint vc="2" uspid="135" ordinal="27" offset="218" sl="65" sc="29" el="65" ec="49" />
                <SequencePoint vc="2" uspid="136" ordinal="28" offset="227" sl="66" sc="29" el="66" ec="76" />
                <SequencePoint vc="2" uspid="137" ordinal="29" offset="243" sl="67" sc="25" el="67" ec="26" />
                <SequencePoint vc="0" uspid="138" ordinal="30" offset="246" sl="69" sc="25" el="69" ec="26" />
                <SequencePoint vc="0" uspid="139" ordinal="31" offset="247" sl="70" sc="34" el="70" ec="49" />
                <SequencePoint vc="0" uspid="140" ordinal="32" offset="252" sl="71" sc="29" el="71" ec="30" />
                <SequencePoint vc="0" uspid="141" ordinal="33" offset="253" sl="72" sc="33" el="72" ec="48" />
                <SequencePoint vc="0" uspid="142" ordinal="34" offset="267" sl="73" sc="33" el="73" ec="34" />
                <SequencePoint vc="0" uspid="143" ordinal="35" offset="268" sl="74" sc="37" el="74" ec="57" />
                <SequencePoint vc="0" uspid="144" ordinal="36" offset="277" sl="75" sc="33" el="75" ec="34" />
                <SequencePoint vc="0" uspid="145" ordinal="37" offset="278" sl="76" sc="33" el="76" ec="53" />
                <SequencePoint vc="0" uspid="146" ordinal="38" offset="287" sl="77" sc="33" el="77" ec="85" />
                <SequencePoint vc="0" uspid="147" ordinal="39" offset="304" sl="78" sc="29" el="78" ec="30" />
                <SequencePoint vc="0" uspid="148" ordinal="40" offset="305" sl="70" sc="72" el="70" ec="80" />
                <SequencePoint vc="0" uspid="149" ordinal="41" offset="311" sl="70" sc="50" el="70" ec="70" />
                <SequencePoint vc="0" uspid="150" ordinal="42" offset="325" sl="79" sc="25" el="79" ec="26" />
                <SequencePoint vc="2" uspid="151" ordinal="43" offset="326" sl="80" sc="21" el="80" ec="22" />
                <SequencePoint vc="2" uspid="152" ordinal="44" offset="327" sl="81" sc="17" el="81" ec="18" />
                <SequencePoint vc="2" uspid="153" ordinal="45" offset="328" sl="44" sc="74" el="44" ec="82" />
                <SequencePoint vc="4" uspid="154" ordinal="46" offset="332" sl="44" sc="38" el="44" ec="72" />
                <SequencePoint vc="2" uspid="155" ordinal="47" offset="350" sl="82" sc="17" el="82" ec="55" />
                <SequencePoint vc="2" uspid="156" ordinal="48" offset="363" sl="83" sc="13" el="83" ec="14" />
                <SequencePoint vc="2" uspid="157" ordinal="49" offset="364" sl="85" sc="13" el="85" ec="35" />
                <SequencePoint vc="2" uspid="158" ordinal="50" offset="374" sl="86" sc="9" el="86" ec="10" />
              </SequencePoints>
              <BranchPoints>
                <BranchPoint vc="0" uspid="159" ordinal="0" offset="45" path="0" />
                <BranchPoint vc="2" uspid="160" ordinal="1" offset="45" path="1" />
                <BranchPoint vc="0" uspid="161" ordinal="2" offset="101" path="0" />
                <BranchPoint vc="2" uspid="162" ordinal="3" offset="101" path="1" />
                <BranchPoint vc="0" uspid="163" ordinal="4" offset="150" path="0" />
                <BranchPoint vc="2" uspid="164" ordinal="5" offset="150" path="1" />
                <BranchPoint vc="2" uspid="165" ordinal="6" offset="165" path="0" />
                <BranchPoint vc="0" uspid="166" ordinal="7" offset="165" path="1" />
                <BranchPoint vc="0" uspid="167" ordinal="8" offset="185" path="0" />
                <BranchPoint vc="2" uspid="168" ordinal="9" offset="185" path="1" />
                <BranchPoint vc="2" uspid="169" ordinal="10" offset="215" path="0" />
                <BranchPoint vc="0" uspid="170" ordinal="11" offset="215" path="1" />
                <BranchPoint vc="0" uspid="171" ordinal="12" offset="265" path="0" />
                <BranchPoint vc="0" uspid="172" ordinal="13" offset="265" path="1" />
                <BranchPoint vc="0" uspid="173" ordinal="14" offset="323" path="0" />
                <BranchPoint vc="0" uspid="174" ordinal="15" offset="323" path="1" />
                <BranchPoint vc="2" uspid="175" ordinal="16" offset="345" path="0" />
                <BranchPoint vc="2" uspid="176" ordinal="17" offset="345" path="1" />
              </BranchPoints>
              <MethodPoint xsi:type="SequencePoint" vc="2" uspid="108" ordinal="0" offset="0" sl="27" sc="9" el="27" ec="10" />
            </Method>
            <Method visited="true" cyclomaticComplexity="1" sequenceCoverage="100" branchCoverage="100" isConstructor="false" isStatic="true" isGetter="false" isSetter="false">
              <MetadataToken>100663324</MetadataToken>
              <Name>System.String IsKernel.ServiceClients.HostIpInfo.Infrastructure.UriExtensions::&lt;Append&gt;b__0(System.String,System.String)</Name>
              <FileRef uid="7" />
              <SequencePoints>
                <SequencePoint vc="2" uspid="177" ordinal="0" offset="0" sl="22" sc="86" el="22" ec="153" />
              </SequencePoints>
              <BranchPoints />
              <MethodPoint xsi:type="SequencePoint" vc="2" uspid="177" ordinal="0" offset="0" sl="22" sc="86" el="22" ec="153" />
            </Method>
          </Methods>
        </Class>
      </Classes>
    </Module>
    <Module skippedDueTo="MissingPdb" hash="8C-9B-95-73-AD-12-0D-E6-99-79-1B-2D-37-A5-B2-B4-95-FD-E3-3A">
      <FullName>C:\Users\Taranu\AppData\Local\Temp\nunit20\ShadowCopyCache\8768_635326745627697443\Tests_10260468\assembly\dl3\03ba5e0e\8061c3ef_c551cf01\RestSharp.dll</FullName>
      <ModuleName>RestSharp</ModuleName>
      <Classes />
    </Module>
    <Module skippedDueTo="Filter" hash="43-0F-9E-14-71-13-7F-E2-26-11-26-04-62-4A-0E-92-1F-0F-04-20">
      <FullName>C:\Windows\Microsoft.Net\assembly\GAC_MSIL\System.Core\v4.0_4.0.0.0__b77a5c561934e089\System.Core.dll</FullName>
      <ModuleName>System.Core</ModuleName>
      <Classes />
    </Module>
    <Module skippedDueTo="MissingPdb" hash="B0-61-86-A7-8E-08-92-A2-C5-96-BC-20-CA-FF-2D-0B-F1-99-AA-7B">
      <FullName>C:\Users\Taranu\AppData\Local\Temp\nunit20\ShadowCopyCache\8768_635326745627697443\Tests_10260468\assembly\dl3\347adce9\00ffb2bd_c751cf01\Newtonsoft.Json.dll</FullName>
      <ModuleName>Newtonsoft.Json</ModuleName>
      <Classes />
    </Module>
    <Module skippedDueTo="Filter" hash="BF-C5-A6-49-C5-BD-81-31-CD-95-07-E3-C4-9B-08-F0-FC-C1-30-12">
      <FullName>C:\Windows\Microsoft.Net\assembly\GAC_MSIL\System.Numerics\v4.0_4.0.0.0__b77a5c561934e089\System.Numerics.dll</FullName>
      <ModuleName>System.Numerics</ModuleName>
      <Classes />
    </Module>
    <Module skippedDueTo="Filter" hash="4E-D2-8F-C3-0E-6F-10-6F-88-54-0D-0E-B0-01-E8-F9-13-04-6A-11">
      <FullName>C:\Windows\Microsoft.Net\assembly\GAC_MSIL\System.ComponentModel.DataAnnotations\v4.0_4.0.0.0__31bf3856ad364e35\System.ComponentModel.DataAnnotations.dll</FullName>
      <ModuleName>System.ComponentModel.DataAnnotations</ModuleName>
      <Classes />
    </Module>
    <Module skippedDueTo="Filter" hash="1C-92-AF-E0-34-2B-28-72-9C-F6-E0-86-30-3C-1C-5C-A6-6C-8F-B4">
      <FullName>C:\Windows\Microsoft.Net\assembly\GAC_MSIL\System.Runtime.Serialization\v4.0_4.0.0.0__b77a5c561934e089\System.Runtime.Serialization.dll</FullName>
      <ModuleName>System.Runtime.Serialization</ModuleName>
      <Classes />
    </Module>
    <Module skippedDueTo="Filter" hash="DF-4A-DE-40-BE-24-D6-36-12-5C-3E-21-0D-59-5D-93-07-87-C1-6D">
      <FullName>C:\Windows\Microsoft.Net\assembly\GAC_MSIL\System.Xml.Linq\v4.0_4.0.0.0__b77a5c561934e089\System.Xml.Linq.dll</FullName>
      <ModuleName>System.Xml.Linq</ModuleName>
      <Classes />
    </Module>
    <Module skippedDueTo="Filter" hash="4C-C3-91-C2-6D-1E-27-0D-5E-72-DB-74-F5-95-16-5C-19-46-E8-6E">
      <FullName>C:\Windows\Microsoft.Net\assembly\GAC_64\System.Data\v4.0_4.0.0.0__b77a5c561934e089\System.Data.dll</FullName>
      <ModuleName>System.Data</ModuleName>
      <Classes />
    </Module>
    <Module skippedDueTo="Filter" hash="45-02-3B-D1-55-D3-57-0B-DF-7D-CF-C4-14-FE-99-35-BE-03-9A-16">
      <FullName>C:\Windows\Microsoft.Net\assembly\GAC_64\System.Web\v4.0_4.0.0.0__b03f5f7f11d50a3a\System.Web.dll</FullName>
      <ModuleName>System.Web</ModuleName>
      <Classes />
    </Module>
  </Modules>
</CoverageSession>